c:\users\user\desktop\cppproject2025\projectcpp\cpp-change\x64\debug\vc143.pdb
c:\users\user\desktop\cppproject2025\projectcpp\cpp-change\x64\debug\vc143.idb
c:\users\user\desktop\cppproject2025\projectcpp\cpp-change\x64\debug\player.obj
c:\users\user\desktop\cppproject2025\projectcpp\cpp-change\x64\debug\main.obj
c:\users\user\desktop\cppproject2025\projectcpp\cpp-change\x64\debug\common.obj
c:\users\user\desktop\cppproject2025\projectcpp\cpp-change\x64\debug\image.obj
c:\users\user\desktop\cppproject2025\projectcpp\cpp-change\x64\debug\enemy.obj
c:\users\user\desktop\cppproject2025\projectcpp\cpp-change\x64\debug\intro.obj
c:\users\user\desktop\cppproject2025\projectcpp\cpp-change\x64\debug\battle.obj
c:\users\user\desktop\cppproject2025\projectcpp\x64\debug\cpp-change.exe
c:\users\user\desktop\cppproject2025\projectcpp\x64\debug\cpp-change.pdb
c:\users\user\desktop\cppproject2025\projectcpp\cpp-change\x64\debug\cpp-change.ilk
c:\users\user\desktop\cppproject2025\projectcpp\cpp-change\x64\debug\cpp-change.tlog\cl.command.1.tlog
c:\users\user\desktop\cppproject2025\projectcpp\cpp-change\x64\debug\cpp-change.tlog\cl.items.tlog
c:\users\user\desktop\cppproject2025\projectcpp\cpp-change\x64\debug\cpp-change.tlog\cl.read.1.tlog
c:\users\user\desktop\cppproject2025\projectcpp\cpp-change\x64\debug\cpp-change.tlog\cl.write.1.tlog
c:\users\user\desktop\cppproject2025\projectcpp\cpp-change\x64\debug\cpp-change.tlog\link.command.1.tlog
c:\users\user\desktop\cppproject2025\projectcpp\cpp-change\x64\debug\cpp-change.tlog\link.read.1.tlog
c:\users\user\desktop\cppproject2025\projectcpp\cpp-change\x64\debug\cpp-change.tlog\link.secondary.1.tlog
c:\users\user\desktop\cppproject2025\projectcpp\cpp-change\x64\debug\cpp-change.tlog\link.write.1.tlog
