c:\users\user\desktop\cppproject2025\projectcpp\ch4\x64\debug\vc143.pdb
c:\users\user\desktop\cppproject2025\projectcpp\ch4\x64\debug\vc143.idb
c:\users\user\desktop\cppproject2025\projectcpp\ch4\x64\debug\player.obj
c:\users\user\desktop\cppproject2025\projectcpp\ch4\x64\debug\main.obj
c:\users\user\desktop\cppproject2025\projectcpp\ch4\x64\debug\item.obj
c:\users\user\desktop\cppproject2025\projectcpp\x64\debug\ch4.exe
c:\users\user\desktop\cppproject2025\projectcpp\x64\debug\ch4.pdb
c:\users\user\desktop\cppproject2025\projectcpp\ch4\x64\debug\ch4.ilk
c:\users\administrator\desktop\cppproject2025\projectcpp\ch4\x64\debug\item.obj
c:\users\administrator\desktop\cppproject2025\projectcpp\ch4\x64\debug\main.obj
c:\users\administrator\desktop\cppproject2025\projectcpp\ch4\x64\debug\player.obj
c:\users\administrator\desktop\cppproject2025\projectcpp\ch4\x64\debug\ch4.ilk
c:\users\administrator\desktop\cppproject2025\projectcpp\ch4\x64\debug\vc143.idb
c:\users\administrator\desktop\cppproject2025\projectcpp\ch4\x64\debug\vc143.pdb
c:\users\administrator\desktop\cppproject2025\projectcpp\x64\debug\ch4.pdb
c:\users\administrator\desktop\cppproject2025\projectcpp\x64\debug\ch4.exe
c:\users\administrator\desktop\cppproject2025\projectcpp\ch4\x64\debug\ch4.tlog\cl.command.1.tlog
c:\users\administrator\desktop\cppproject2025\projectcpp\ch4\x64\debug\ch4.tlog\cl.items.tlog
c:\users\administrator\desktop\cppproject2025\projectcpp\ch4\x64\debug\ch4.tlog\cl.read.1.tlog
c:\users\administrator\desktop\cppproject2025\projectcpp\ch4\x64\debug\ch4.tlog\cl.write.1.tlog
c:\users\administrator\desktop\cppproject2025\projectcpp\ch4\x64\debug\ch4.tlog\link.command.1.tlog
c:\users\administrator\desktop\cppproject2025\projectcpp\ch4\x64\debug\ch4.tlog\link.read.1.tlog
c:\users\administrator\desktop\cppproject2025\projectcpp\ch4\x64\debug\ch4.tlog\link.secondary.1.tlog
c:\users\administrator\desktop\cppproject2025\projectcpp\ch4\x64\debug\ch4.tlog\link.write.1.tlog
