c:\users\administrator\documents\github\cppproject2025\projectcpp\ch7\x64\debug\vc143.pdb
c:\users\administrator\documents\github\cppproject2025\projectcpp\ch7\x64\debug\vc143.idb
c:\users\administrator\documents\github\cppproject2025\projectcpp\ch7\x64\debug\skill.obj
c:\users\administrator\documents\github\cppproject2025\projectcpp\ch7\x64\debug\main.obj
c:\users\user\desktop\cppproject2025\projectcpp\ch7\x64\debug\vc143.pdb
c:\users\user\desktop\cppproject2025\projectcpp\ch7\x64\debug\vc143.idb
c:\users\user\desktop\cppproject2025\projectcpp\ch7\x64\debug\skill.obj
c:\users\user\desktop\cppproject2025\projectcpp\ch7\x64\debug\money.obj
c:\users\user\desktop\cppproject2025\projectcpp\ch7\x64\debug\main.obj
c:\users\user\desktop\cppproject2025\projectcpp\ch7\x64\debug\entity.obj
c:\users\user\desktop\cppproject2025\projectcpp\ch7\x64\debug\enemy.obj
c:\users\administrator\documents\github\cppproject2025\projectcpp\x64\debug\ch7.exe
c:\users\administrator\documents\github\cppproject2025\projectcpp\x64\debug\ch7.pdb
c:\users\administrator\documents\github\cppproject2025\projectcpp\ch7\x64\debug\ch7.ilk
c:\users\user\desktop\cppproject2025\projectcpp\ch7\x64\debug\ch7.ilk
c:\users\user\desktop\cppproject2025\projectcpp\x64\debug\ch7.pdb
c:\users\user\desktop\cppproject2025\projectcpp\x64\debug\ch7.exe
c:\users\user\desktop\cppproject2025\projectcpp\ch7\x64\debug\ch7.tlog\cl.command.1.tlog
c:\users\user\desktop\cppproject2025\projectcpp\ch7\x64\debug\ch7.tlog\cl.items.tlog
c:\users\user\desktop\cppproject2025\projectcpp\ch7\x64\debug\ch7.tlog\cl.read.1.tlog
c:\users\user\desktop\cppproject2025\projectcpp\ch7\x64\debug\ch7.tlog\cl.write.1.tlog
c:\users\user\desktop\cppproject2025\projectcpp\ch7\x64\debug\ch7.tlog\link.command.1.tlog
c:\users\user\desktop\cppproject2025\projectcpp\ch7\x64\debug\ch7.tlog\link.read.1.tlog
c:\users\user\desktop\cppproject2025\projectcpp\ch7\x64\debug\ch7.tlog\link.secondary.1.tlog
c:\users\user\desktop\cppproject2025\projectcpp\ch7\x64\debug\ch7.tlog\link.write.1.tlog
