  Base.cpp
  Runner.cpp
  Utility.cpp
C:\Users\user\Desktop\cppProject2025\Projectcpp\Ch11\Runner.cpp(29,6): error C2248: 'Runner::run': private 멤버('Runner' 클래스에서 선언)에 액세스할 수 없습니다.
      C:\Users\user\Desktop\cppProject2025\Projectcpp\Ch11\Runner.h(9,6):
      'Runner::run' 선언을 참조하십시오.
      C:\Users\user\Desktop\cppProject2025\Projectcpp\Ch11\Runner.h(6,7):
      'Runner' 선언을 참조하십시오.
  
C:\Users\user\Desktop\cppProject2025\Projectcpp\Ch11\Runner.cpp(29,13): error C2065: 'length': 선언되지 않은 식별자입니다.
C:\Users\user\Desktop\cppProject2025\Projectcpp\Ch11\Runner.cpp(31,3): error C2248: 'Runner::isEnd': private 멤버('Runner' 클래스에서 선언)에 액세스할 수 없습니다.
      C:\Users\user\Desktop\cppProject2025\Projectcpp\Ch11\Runner.h(10,7):
      'Runner::isEnd' 선언을 참조하십시오.
      C:\Users\user\Desktop\cppProject2025\Projectcpp\Ch11\Runner.h(6,7):
      'Runner' 선언을 참조하십시오.
  
C:\Users\user\Desktop\cppProject2025\Projectcpp\Ch11\Runner.cpp(35,3): error C2248: 'Runner::isEnd': private 멤버('Runner' 클래스에서 선언)에 액세스할 수 없습니다.
      C:\Users\user\Desktop\cppProject2025\Projectcpp\Ch11\Runner.h(10,7):
      'Runner::isEnd' 선언을 참조하십시오.
      C:\Users\user\Desktop\cppProject2025\Projectcpp\Ch11\Runner.h(6,7):
      'Runner' 선언을 참조하십시오.
  
C:\Users\user\Desktop\cppProject2025\Projectcpp\Ch11\Runner.cpp(37,9): error C2248: 'Runner::isEnd': private 멤버('Runner' 클래스에서 선언)에 액세스할 수 없습니다.
      C:\Users\user\Desktop\cppProject2025\Projectcpp\Ch11\Runner.h(10,7):
      'Runner::isEnd' 선언을 참조하십시오.
      C:\Users\user\Desktop\cppProject2025\Projectcpp\Ch11\Runner.h(6,7):
      'Runner' 선언을 참조하십시오.
  
C:\Users\user\Desktop\cppProject2025\Projectcpp\Ch11\Runner.cpp(37,2): error C2562: 'Player::Run': 'void' 함수에서 값을 반환하고 있습니다.
      C:\Users\user\Desktop\cppProject2025\Projectcpp\Ch11\Runner.cpp(27,14):
      'Player::Run' 선언을 참조하십시오.
  
C:\Users\user\Desktop\cppProject2025\Projectcpp\Ch11\Utility.cpp(13,26): warning C4838: 'int'에서 'SHORT'(으)로의 변환에는 축소 변환이 필요합니다.
C:\Users\user\Desktop\cppProject2025\Projectcpp\Ch11\Utility.cpp(13,28): warning C4838: 'int'에서 'SHORT'(으)로의 변환에는 축소 변환이 필요합니다.
  main.cpp
C:\Users\user\Desktop\cppProject2025\Projectcpp\Ch11\main.cpp(13,14): warning C4267: '초기화 중': 'size_t'에서 'int'(으)로 변환하면서 데이터가 손실될 수 있습니다.
  코드를 생성하고 있습니다...
