c:\users\user\desktop\cppproject2025\projectcpp\projectcpp\x64\debug\vc143.pdb
c:\users\user\desktop\cppproject2025\projectcpp\projectcpp\x64\debug\vc143.idb
c:\users\user\desktop\cppproject2025\projectcpp\projectcpp\x64\debug\main.obj
c:\users\user\desktop\cppproject2025\projectcpp\x64\debug\projectcpp.exe
c:\users\user\desktop\cppproject2025\projectcpp\x64\debug\projectcpp.pdb
c:\users\user\desktop\cppproject2025\projectcpp\projectcpp\x64\debug\projectcpp.ilk
c:\users\administrator\desktop\cppproject2025\projectcpp\projectcpp\x64\debug\main.obj
c:\users\administrator\desktop\cppproject2025\projectcpp\projectcpp\x64\debug\projectcpp.ilk
c:\users\administrator\desktop\cppproject2025\projectcpp\projectcpp\x64\debug\vc143.idb
c:\users\administrator\desktop\cppproject2025\projectcpp\projectcpp\x64\debug\vc143.pdb
c:\users\administrator\desktop\cppproject2025\projectcpp\x64\debug\projectcpp.pdb
c:\users\administrator\desktop\cppproject2025\projectcpp\x64\debug\projectcpp.exe
c:\users\administrator\desktop\cppproject2025\projectcpp\projectcpp\x64\debug\projectcpp.tlog\cl.command.1.tlog
c:\users\administrator\desktop\cppproject2025\projectcpp\projectcpp\x64\debug\projectcpp.tlog\cl.items.tlog
c:\users\administrator\desktop\cppproject2025\projectcpp\projectcpp\x64\debug\projectcpp.tlog\cl.read.1.tlog
c:\users\administrator\desktop\cppproject2025\projectcpp\projectcpp\x64\debug\projectcpp.tlog\cl.write.1.tlog
c:\users\administrator\desktop\cppproject2025\projectcpp\projectcpp\x64\debug\projectcpp.tlog\link.command.1.tlog
c:\users\administrator\desktop\cppproject2025\projectcpp\projectcpp\x64\debug\projectcpp.tlog\link.read.1.tlog
c:\users\administrator\desktop\cppproject2025\projectcpp\projectcpp\x64\debug\projectcpp.tlog\link.secondary.1.tlog
c:\users\administrator\desktop\cppproject2025\projectcpp\projectcpp\x64\debug\projectcpp.tlog\link.write.1.tlog
