c:\users\administrator\desktop\cppproject2025\projectcpp\battlesystem\x64\debug\vc143.pdb
c:\users\administrator\desktop\cppproject2025\projectcpp\battlesystem\x64\debug\vc143.idb
c:\users\administrator\desktop\cppproject2025\projectcpp\battlesystem\x64\debug\image.obj
c:\users\administrator\desktop\cppproject2025\projectcpp\battlesystem\x64\debug\common.obj
c:\users\administrator\desktop\cppproject2025\projectcpp\battlesystem\x64\debug\enemy.obj
c:\users\administrator\desktop\cppproject2025\projectcpp\battlesystem\x64\debug\player.obj
c:\users\administrator\desktop\cppproject2025\projectcpp\battlesystem\x64\debug\main.obj
c:\users\administrator\desktop\cppproject2025\projectcpp\battlesystem\x64\debug\gamemanager.obj
c:\users\administrator\desktop\cppproject2025\projectcpp\x64\debug\battlesystem.exe
c:\users\administrator\desktop\cppproject2025\projectcpp\x64\debug\battlesystem.pdb
c:\users\administrator\desktop\cppproject2025\projectcpp\battlesystem\x64\debug\battlesystem.ilk
c:\users\user\desktop\cppproject2025\projectcpp\battlesystem\x64\debug\common.obj
c:\users\user\desktop\cppproject2025\projectcpp\battlesystem\x64\debug\enemy.obj
c:\users\user\desktop\cppproject2025\projectcpp\battlesystem\x64\debug\gamemanager.obj
c:\users\user\desktop\cppproject2025\projectcpp\battlesystem\x64\debug\image.obj
c:\users\user\desktop\cppproject2025\projectcpp\battlesystem\x64\debug\main.obj
c:\users\user\desktop\cppproject2025\projectcpp\battlesystem\x64\debug\player.obj
c:\users\user\desktop\cppproject2025\projectcpp\battlesystem\x64\debug\battlesystem.ilk
c:\users\user\desktop\cppproject2025\projectcpp\battlesystem\x64\debug\vc143.idb
c:\users\user\desktop\cppproject2025\projectcpp\battlesystem\x64\debug\vc143.pdb
c:\users\user\desktop\cppproject2025\projectcpp\x64\debug\battlesystem.pdb
c:\users\user\desktop\cppproject2025\projectcpp\x64\debug\battlesystem.exe
c:\users\user\desktop\cppproject2025\projectcpp\battlesystem\x64\debug\battlesystem.tlog\cl.command.1.tlog
c:\users\user\desktop\cppproject2025\projectcpp\battlesystem\x64\debug\battlesystem.tlog\cl.items.tlog
c:\users\user\desktop\cppproject2025\projectcpp\battlesystem\x64\debug\battlesystem.tlog\cl.read.1.tlog
c:\users\user\desktop\cppproject2025\projectcpp\battlesystem\x64\debug\battlesystem.tlog\cl.write.1.tlog
c:\users\user\desktop\cppproject2025\projectcpp\battlesystem\x64\debug\battlesystem.tlog\link.command.1.tlog
c:\users\user\desktop\cppproject2025\projectcpp\battlesystem\x64\debug\battlesystem.tlog\link.read.1.tlog
c:\users\user\desktop\cppproject2025\projectcpp\battlesystem\x64\debug\battlesystem.tlog\link.secondary.1.tlog
c:\users\user\desktop\cppproject2025\projectcpp\battlesystem\x64\debug\battlesystem.tlog\link.write.1.tlog
