c:\users\administrator\desktop\cppproject2025\projectcpp\ch5\x64\debug\vc143.pdb
c:\users\administrator\desktop\cppproject2025\projectcpp\ch5\x64\debug\vc143.idb
c:\users\administrator\desktop\cppproject2025\projectcpp\ch5\x64\debug\main.obj
c:\users\administrator\desktop\cppproject2025\projectcpp\ch5\x64\debug\person.obj
c:\users\administrator\desktop\cppproject2025\projectcpp\x64\debug\ch5.exe
c:\users\administrator\desktop\cppproject2025\projectcpp\x64\debug\ch5.pdb
c:\users\administrator\desktop\cppproject2025\projectcpp\ch5\x64\debug\ch5.ilk
c:\users\user\desktop\cppproject2025\projectcpp\ch5\x64\debug\main.obj
c:\users\user\desktop\cppproject2025\projectcpp\ch5\x64\debug\person.obj
c:\users\user\desktop\cppproject2025\projectcpp\ch5\x64\debug\ch5.ilk
c:\users\user\desktop\cppproject2025\projectcpp\ch5\x64\debug\vc143.idb
c:\users\user\desktop\cppproject2025\projectcpp\ch5\x64\debug\vc143.pdb
c:\users\user\desktop\cppproject2025\projectcpp\x64\debug\ch5.pdb
c:\users\user\desktop\cppproject2025\projectcpp\x64\debug\ch5.exe
c:\users\user\desktop\cppproject2025\projectcpp\ch5\x64\debug\ch5.tlog\cl.command.1.tlog
c:\users\user\desktop\cppproject2025\projectcpp\ch5\x64\debug\ch5.tlog\cl.items.tlog
c:\users\user\desktop\cppproject2025\projectcpp\ch5\x64\debug\ch5.tlog\cl.read.1.tlog
c:\users\user\desktop\cppproject2025\projectcpp\ch5\x64\debug\ch5.tlog\cl.write.1.tlog
c:\users\user\desktop\cppproject2025\projectcpp\ch5\x64\debug\ch5.tlog\link.command.1.tlog
c:\users\user\desktop\cppproject2025\projectcpp\ch5\x64\debug\ch5.tlog\link.read.1.tlog
c:\users\user\desktop\cppproject2025\projectcpp\ch5\x64\debug\ch5.tlog\link.secondary.1.tlog
c:\users\user\desktop\cppproject2025\projectcpp\ch5\x64\debug\ch5.tlog\link.write.1.tlog
